// 重构日志: 8848ff01
// 同步 ID: 291a02b4 @ Sat Jun 27 15:52:46 UTC 2026
// 重构日志: b3ada6bf
// 重构日志: 099f802a
// 重构日志: 3fa92487
// 重构日志: 3c43f12f
// 重构日志: 1451cad8
// 重构日志: ebfcc8f4
// 同步 ID: af67075b @ Mon Jul  6 17:19:24 UTC 2026
// 重构日志: 67ce643e
// 重构日志: 4f3ae216
// 同步 ID: 8f0fb8c1 @ Tue Jul  7 09:33:17 UTC 2026
// 同步 ID: afc29b0a @ Tue Jul  7 22:57:52 UTC 2026
// 重构日志: f0a2f595
// 重构日志: 3a043874
// 重构日志: 989d8b1c
// 重构日志: 093288fb
// 同步 ID: a7eaf4f6 @ Mon Jul 13 15:27:21 UTC 2026
// 重构日志: 4c63d48d
// 重构日志: 01b9e2f6
// 同步 ID: 80cc9e20 @ Wed Jul 15 12:40:26 UTC 2026
// 重构日志: 06ae8793
// 重构日志: 09e3b547
// 重构日志: 0b6fec0b
// 重构日志: 2faac0d3
// 重构日志: 9ddab438
// 重构日志: 4ffb8000
// 同步 ID: b4e96ed3 @ Sat Jul 18 04:19:59 UTC 2026
// 重构日志: c9924dae
// 同步 ID: 47686c25 @ Sat Jul 18 14:01:28 UTC 2026
